********************************************************************************
DUPLICATOR-LITE PACKAGE-LOG: 2017-04-22 09:23:12
NOTICE: Do NOT post to public sites or forums 
********************************************************************************
VERSION:	1.2.4
WORDPRESS:	4.7.3
PHP INFO:	7.0.15 | SAPI: apache2handler
SERVER:		Apache/2.2.31 (Unix) mod_wsgi/3.5 Python/2.7.13 PHP/7.0.15 mod_ssl/2.2.31 OpenSSL/1.0.2j DAV/2 mod_fastcgi/2.4.6 mod_perl/2.0.9 Perl/v5.24.0 
PHP TIME LIMIT: (0) no time limit imposed 
PHP MAX MEMORY: 2048M (128M default) 
MEMORY STACK: 6MB 

********************************************************************************
DATABASE:
********************************************************************************
BUILD MODE:   PHP(query limit - 100)
MYSQLTIMEOUT: 5000
MYSQLDUMP:    Not Supported 
TABLES: total:19 | filtered:0 | create:19 
FILTERED: [] 
SQL CREATED: 2017_04_22_blue_valley_golf_c71cd84fa1b9af053253170422092042_database.sql 
SQL FILE SIZE: 1.25MB (1312339) 
SQL FILE TIME: 2017-04-22 09:23:12 
SQL RUNTIME: 0.09 sec. 

******************************************************************************** 
ARCHIVE (ZIP): 
******************************************************************************** 
ARCHIVE DIR:  /Users/kelvinyoung/dev/blue-valley 
ARCHIVE FILE: 2017_04_22_blue_valley_golf_c71cd84fa1b9af053253170422092042_archive.zip 
FILTERS: *ON* 
DIRS: /Users/kelvinyoung/dev/blue-valley/wp-content/cache
      /Users/kelvinyoung/dev/blue-valley/.git 
EXTS:  zip;rar;tar;gz;bz2;7z; 
---------------------------------------- 
COMPRESSING 
SIZE:	77.68MB 
STATS:	Dirs 391 | Files 3,273 
SQL ADDED: 2017_04_22_blue_valley_golf_c71cd84fa1b9af053253170422092042_database.sql 
ZipArchive Object
(
    [status] => 0
    [statusSys] => 0
    [numFiles] => 3664
    [filename] => /Users/kelvinyoung/dev/blue-valley/wp-snapshots/tmp/2017_04_22_blue_valley_golf_c71cd84fa1b9af053253170422092042_archive.zip
    [comment] => 
)
 
COMPRESSION RESULT: '1' 
COMPRESSED SIZE: 35.86MB 
ARCHIVE RUNTIME: 10.03 sec. 
MEMORY STACK: 8MB 

******************************************************************************** 
MAKE INSTALLER: 
******************************************************************************** 
Build Start 
Build Finished 
Preping for use 
Template parsed with new data 
Complete [/Users/kelvinyoung/dev/blue-valley/wp-snapshots/tmp/2017_04_22_blue_valley_golf_c71cd84fa1b9af053253170422092042_installer.php] 
Added to archive 

******************************************************************************** 
INTEGRITY CHECKS: 
******************************************************************************** 
SQL File: 1.25MB 
Installer File: 419.62KB 
Archive File: 35.86MB  

********************************************************************************
RECORD ID:[1]
TOTAL PROCESS RUNTIME: 10.55 sec.
PEAK PHP MEMORY USED: 10MB
DONE PROCESSING => 2017_04_22_blue_valley_golf 2017-04-22 09:23:23
 
